<?xml version="1.0" encoding="UTF-8"?>
<testng-results ignored="0" total="1" passed="1" failed="0" skipped="0">
  <reporter-output>
  </reporter-output>
  <suite started-at="2022-10-12T15:02:32 IST" name="Default suite" finished-at="2022-10-12T15:03:16 IST" duration-ms="43728">
    <groups>
    </groups>
    <test started-at="2022-10-12T15:02:32 IST" name="Default test" finished-at="2022-10-12T15:03:16 IST" duration-ms="43728">
      <class name="testcase.SignInTestCase">
        <test-method is-config="true" signature="setUp()[pri:0, instance:testcase.SignInTestCase@3023df74]" started-at="2022-10-12T15:02:32 IST" name="setUp" finished-at="2022-10-12T15:02:44 IST" duration-ms="12520" status="PASS">
          <reporter-output>
          </reporter-output>
        </test-method> <!-- setUp -->
        <test-method signature="SigninTest()[pri:0, instance:testcase.SignInTestCase@3023df74]" started-at="2022-10-12T15:02:44 IST" name="SigninTest" finished-at="2022-10-12T15:02:59 IST" duration-ms="14917" status="PASS">
          <reporter-output>
          </reporter-output>
        </test-method> <!-- SigninTest -->
        <test-method is-config="true" signature="tearDown()[pri:0, instance:testcase.SignInTestCase@3023df74]" started-at="2022-10-12T15:02:59 IST" name="tearDown" finished-at="2022-10-12T15:03:16 IST" duration-ms="16254" status="PASS">
          <reporter-output>
          </reporter-output>
        </test-method> <!-- tearDown -->
      </class> <!-- testcase.SignInTestCase -->
    </test> <!-- Default test -->
  </suite> <!-- Default suite -->
</testng-results>
