<?xml version="1.0" encoding="UTF-8"?>
<testng-results ignored="0" total="1" passed="1" failed="0" skipped="0">
  <reporter-output>
  </reporter-output>
  <suite started-at="2022-10-11T10:28:45 IST" name="Default suite" finished-at="2022-10-11T10:29:14 IST" duration-ms="29488">
    <groups>
    </groups>
    <test started-at="2022-10-11T10:28:45 IST" name="Default test" finished-at="2022-10-11T10:29:14 IST" duration-ms="29488">
      <class name="testcase.SignInTestCase">
        <test-method is-config="true" signature="setUp()[pri:0, instance:testcase.SignInTestCase@6302bbb1]" started-at="2022-10-11T10:28:45 IST" name="setUp" finished-at="2022-10-11T10:28:53 IST" duration-ms="8457" status="PASS">
          <reporter-output>
          </reporter-output>
        </test-method> <!-- setUp -->
        <test-method signature="SigninTest()[pri:0, instance:testcase.SignInTestCase@6302bbb1]" started-at="2022-10-11T10:28:53 IST" name="SigninTest" finished-at="2022-10-11T10:28:58 IST" duration-ms="4710" status="PASS">
          <reporter-output>
          </reporter-output>
        </test-method> <!-- SigninTest -->
        <test-method is-config="true" signature="tearDown()[pri:0, instance:testcase.SignInTestCase@6302bbb1]" started-at="2022-10-11T10:28:58 IST" name="tearDown" finished-at="2022-10-11T10:29:14 IST" duration-ms="16283" status="PASS">
          <reporter-output>
          </reporter-output>
        </test-method> <!-- tearDown -->
      </class> <!-- testcase.SignInTestCase -->
    </test> <!-- Default test -->
  </suite> <!-- Default suite -->
</testng-results>
